<?xml version="1.0" encoding="UTF-8"?>
<testsuite xmlns:xsi="http://www.w3.org/2001/XMLSchema-instance" xsi:noNamespaceSchemaLocation="https://maven.apache.org/surefire/maven-surefire-plugin/xsd/surefire-test-report.xsd" version="3.0.2" name="com.wl.big_things.ThreadLocalTest" time="0.002" tests="1" errors="0" skipped="0" failures="0">
  <properties>
[...]
</properties>
  <testcase name="testThreadLocalSetAndGet" classname="com.wl.big_things.ThreadLocalTest" time="0.002">
    <system-out><![CDATA[绿色:药尘
蓝色:萧炎
]]></system-out>
  </testcase>
</testsuite>